This file contains any messages produced by compilers while
running configure, to aid debugging if configure makes a mistake.

It was created by configure, which was
generated by GNU Autoconf 2.69.  Invocation command line was

  $ ./configure 

## --------- ##
## Platform. ##
## --------- ##

hostname = sqlfocus
uname -m = x86_64
uname -r = 4.4.0-59-generic
uname -s = Linux
uname -v = #80-Ubuntu SMP Fri Jan 6 17:47:47 UTC 2017

/usr/bin/uname -p = unknown
/bin/uname -X     = unknown

/bin/arch              = unknown
/usr/bin/arch -k       = unknown
/usr/convex/getsysinfo = unknown
/usr/bin/hostinfo      = unknown
/bin/machine           = unknown
/usr/bin/oslevel       = unknown
/bin/universe          = unknown

PATH: /home/sqlfocus/bin
PATH: /home/sqlfocus/.local/bin
PATH: /usr/local/sbin
PATH: /usr/local/bin
PATH: /usr/sbin
PATH: /usr/bin
PATH: /sbin
PATH: /bin
PATH: /usr/games
PATH: /usr/local/games
PATH: /snap/bin
PATH: /home/sqlfocus/Program/bin
PATH: /home/sqlfocus/Program/openresty/bin
PATH: /home/sqlfocus/Program/openresty-systemtap-toolkit
PATH: /home/sqlfocus/Program/FlameGraph
PATH: /home/sqlfocus/Program/curl-loader/usr/bin


## ----------- ##
## Core tests. ##
## ----------- ##

configure:2265: checking for a BSD-compatible install
configure:2333: result: /usr/bin/install -c
configure:2344: checking whether build environment is sane
configure:2399: result: yes
configure:2550: checking for a thread-safe mkdir -p
configure:2589: result: /bin/mkdir -p
configure:2596: checking for gawk
configure:2626: result: no
configure:2596: checking for mawk
configure:2612: found /usr/bin/mawk
configure:2623: result: mawk
configure:2634: checking whether make sets $(MAKE)
configure:2656: result: yes
configure:2685: checking whether make supports nested variables
configure:2702: result: yes
configure:2832: checking whether to enable maintainer-specific portions of Makefiles
configure:2841: result: no
configure:2903: checking for gcc
configure:2930: result: /usr/bin/cc
configure:3159: checking for C compiler version
configure:3168: /usr/bin/cc --version >&5
cc (Ubuntu 5.4.0-6ubuntu1~16.04.4) 5.4.0 20160609
Copyright (C) 2015 Free Software Foundation, Inc.
This is free software; see the source for copying conditions.  There is NO
warranty; not even for MERCHANTABILITY or FITNESS FOR A PARTICULAR PURPOSE.

configure:3179: $? = 0
configure:3168: /usr/bin/cc -v >&5
Using built-in specs.
COLLECT_GCC=/usr/bin/cc
COLLECT_LTO_WRAPPER=/usr/lib/gcc/x86_64-linux-gnu/5/lto-wrapper
Target: x86_64-linux-gnu
Configured with: ../src/configure -v --with-pkgversion='Ubuntu 5.4.0-6ubuntu1~16.04.4' --with-bugurl=file:///usr/share/doc/gcc-5/README.Bugs --enable-languages=c,ada,c++,java,go,d,fortran,objc,obj-c++ --prefix=/usr --program-suffix=-5 --enable-shared --enable-linker-build-id --libexecdir=/usr/lib --without-included-gettext --enable-threads=posix --libdir=/usr/lib --enable-nls --with-sysroot=/ --enable-clocale=gnu --enable-libstdcxx-debug --enable-libstdcxx-time=yes --with-default-libstdcxx-abi=new --enable-gnu-unique-object --disable-vtable-verify --enable-libmpx --enable-plugin --with-system-zlib --disable-browser-plugin --enable-java-awt=gtk --enable-gtk-cairo --with-java-home=/usr/lib/jvm/java-1.5.0-gcj-5-amd64/jre --enable-java-home --with-jvm-root-dir=/usr/lib/jvm/java-1.5.0-gcj-5-amd64 --with-jvm-jar-dir=/usr/lib/jvm-exports/java-1.5.0-gcj-5-amd64 --with-arch-directory=amd64 --with-ecj-jar=/usr/share/java/eclipse-ecj.jar --enable-objc-gc --enable-multiarch --disable-werror --with-arch-32=i686 --with-abi=m64 --with-multilib-list=m32,m64,mx32 --enable-multilib --with-tune=generic --enable-checking=release --build=x86_64-linux-gnu --host=x86_64-linux-gnu --target=x86_64-linux-gnu
Thread model: posix
gcc version 5.4.0 20160609 (Ubuntu 5.4.0-6ubuntu1~16.04.4) 
configure:3179: $? = 0
configure:3168: /usr/bin/cc -V >&5
cc: error: unrecognized command line option '-V'
cc: fatal error: no input files
compilation terminated.
configure:3179: $? = 1
configure:3168: /usr/bin/cc -qversion >&5
cc: error: unrecognized command line option '-qversion'
cc: fatal error: no input files
compilation terminated.
configure:3179: $? = 1
configure:3199: checking whether the C compiler works
configure:3221: /usr/bin/cc    conftest.c  >&5
configure:3225: $? = 0
configure:3273: result: yes
configure:3276: checking for C compiler default output file name
configure:3278: result: a.out
configure:3284: checking for suffix of executables
configure:3291: /usr/bin/cc -o conftest    conftest.c  >&5
configure:3295: $? = 0
configure:3317: result: 
configure:3339: checking whether we are cross compiling
configure:3347: /usr/bin/cc -o conftest    conftest.c  >&5
configure:3351: $? = 0
configure:3358: ./conftest
configure:3362: $? = 0
configure:3377: result: no
configure:3382: checking for suffix of object files
configure:3404: /usr/bin/cc -c   conftest.c >&5
configure:3408: $? = 0
configure:3429: result: o
configure:3433: checking whether we are using the GNU C compiler
configure:3452: /usr/bin/cc -c   conftest.c >&5
configure:3452: $? = 0
configure:3461: result: yes
configure:3470: checking whether /usr/bin/cc accepts -g
configure:3490: /usr/bin/cc -c -g  conftest.c >&5
configure:3490: $? = 0
configure:3531: result: yes
configure:3548: checking for /usr/bin/cc option to accept ISO C89
configure:3611: /usr/bin/cc  -c -g -O2  conftest.c >&5
configure:3611: $? = 0
configure:3624: result: none needed
configure:3649: checking whether /usr/bin/cc understands -c and -o together
configure:3671: /usr/bin/cc -c conftest.c -o conftest2.o
configure:3674: $? = 0
configure:3671: /usr/bin/cc -c conftest.c -o conftest2.o
configure:3674: $? = 0
configure:3686: result: yes
configure:3714: checking for style of include used by make
configure:3742: result: GNU
configure:3768: checking dependency style of /usr/bin/cc
configure:3879: result: gcc3
configure:3931: checking build system type
configure:3945: result: x86_64-unknown-linux-gnu
configure:3965: checking host system type
configure:3978: result: x86_64-unknown-linux-gnu
configure:4019: checking how to print strings
configure:4046: result: printf
configure:4067: checking for a sed that does not truncate output
configure:4131: result: /bin/sed
configure:4149: checking for grep that handles long lines and -e
configure:4207: result: /bin/grep
configure:4212: checking for egrep
configure:4274: result: /bin/grep -E
configure:4279: checking for fgrep
configure:4341: result: /bin/grep -F
configure:4376: checking for ld used by /usr/bin/cc
configure:4443: result: /usr/bin/ld
configure:4450: checking if the linker (/usr/bin/ld) is GNU ld
configure:4465: result: yes
configure:4477: checking for BSD- or MS-compatible name lister (nm)
configure:4526: result: /usr/bin/nm -B
configure:4656: checking the name lister (/usr/bin/nm -B) interface
configure:4663: /usr/bin/cc -c -g -O3  conftest.c >&5
configure:4666: /usr/bin/nm -B "conftest.o"
configure:4669: output
0000000000000000 B some_variable
configure:4676: result: BSD nm
configure:4679: checking whether ln -s works
configure:4683: result: yes
configure:4691: checking the maximum length of command line arguments
configure:4822: result: 1572864
configure:4839: checking whether the shell understands some XSI constructs
configure:4849: result: yes
configure:4853: checking whether the shell understands "+="
configure:4859: result: yes
configure:4894: checking how to convert x86_64-unknown-linux-gnu file names to x86_64-unknown-linux-gnu format
configure:4934: result: func_convert_file_noop
configure:4941: checking how to convert x86_64-unknown-linux-gnu file names to toolchain format
configure:4961: result: func_convert_file_noop
configure:4968: checking for /usr/bin/ld option to reload object files
configure:4975: result: -r
configure:5049: checking for objdump
configure:5065: found /usr/bin/objdump
configure:5076: result: objdump
configure:5108: checking how to recognize dependent libraries
configure:5306: result: pass_all
configure:5391: checking for dlltool
configure:5421: result: no
configure:5451: checking how to associate runtime and link libraries
configure:5478: result: printf %s\n
configure:5539: checking for ar
configure:5555: found /usr/bin/ar
configure:5566: result: ar
configure:5603: checking for archiver @FILE support
configure:5620: /usr/bin/cc -c -g -O3  conftest.c >&5
configure:5620: $? = 0
configure:5623: ar cru libconftest.a @conftest.lst >&5
ar: `u' modifier ignored since `D' is the default (see `U')
configure:5626: $? = 0
configure:5631: ar cru libconftest.a @conftest.lst >&5
ar: `u' modifier ignored since `D' is the default (see `U')
ar: conftest.o: No such file or directory
configure:5634: $? = 1
configure:5646: result: @
configure:5704: checking for strip
configure:5720: found /usr/bin/strip
configure:5731: result: strip
configure:5803: checking for ranlib
configure:5819: found /usr/bin/ranlib
configure:5830: result: ranlib
configure:5932: checking command to parse /usr/bin/nm -B output from /usr/bin/cc object
configure:6052: /usr/bin/cc -c -g -O3  conftest.c >&5
configure:6055: $? = 0
configure:6059: /usr/bin/nm -B conftest.o \| sed -n -e 's/^.*[ ]\([ABCDGIRSTW][ABCDGIRSTW]*\)[ ][ ]*\([_A-Za-z][_A-Za-z0-9]*\)$/\1 \2 \2/p' | sed '/ __gnu_lto/d' \> conftest.nm
configure:6062: $? = 0
configure:6128: /usr/bin/cc -o conftest -g -O3   conftest.c conftstm.o >&5
configure:6131: $? = 0
configure:6169: result: ok
configure:6206: checking for sysroot
configure:6236: result: no
configure:6313: /usr/bin/cc -c -g -O3  conftest.c >&5
configure:6316: $? = 0
configure:6505: checking for mt
configure:6521: found /bin/mt
configure:6532: result: mt
configure:6555: checking if mt is a manifest tool
configure:6561: mt '-?'
configure:6569: result: no
configure:7211: checking how to run the C preprocessor
configure:7242: /usr/bin/cc -E  conftest.c
configure:7242: $? = 0
configure:7256: /usr/bin/cc -E  conftest.c
conftest.c:11:28: fatal error: ac_nonexistent.h: No such file or directory
compilation terminated.
configure:7256: $? = 1
configure: failed program was:
| /* confdefs.h */
| #define PACKAGE_NAME ""
| #define PACKAGE_TARNAME ""
| #define PACKAGE_VERSION ""
| #define PACKAGE_STRING ""
| #define PACKAGE_BUGREPORT ""
| #define PACKAGE_URL ""
| #define PACKAGE "libev"
| #define VERSION "4.24"
| /* end confdefs.h.  */
| #include <ac_nonexistent.h>
configure:7281: result: /usr/bin/cc -E
configure:7301: /usr/bin/cc -E  conftest.c
configure:7301: $? = 0
configure:7315: /usr/bin/cc -E  conftest.c
conftest.c:11:28: fatal error: ac_nonexistent.h: No such file or directory
compilation terminated.
configure:7315: $? = 1
configure: failed program was:
| /* confdefs.h */
| #define PACKAGE_NAME ""
| #define PACKAGE_TARNAME ""
| #define PACKAGE_VERSION ""
| #define PACKAGE_STRING ""
| #define PACKAGE_BUGREPORT ""
| #define PACKAGE_URL ""
| #define PACKAGE "libev"
| #define VERSION "4.24"
| /* end confdefs.h.  */
| #include <ac_nonexistent.h>
configure:7344: checking for ANSI C header files
configure:7364: /usr/bin/cc -c -g -O3  conftest.c >&5
configure:7364: $? = 0
configure:7437: /usr/bin/cc -o conftest -g -O3   conftest.c  >&5
configure:7437: $? = 0
configure:7437: ./conftest
configure:7437: $? = 0
configure:7448: result: yes
configure:7461: checking for sys/types.h
configure:7461: /usr/bin/cc -c -g -O3  conftest.c >&5
configure:7461: $? = 0
configure:7461: result: yes
configure:7461: checking for sys/stat.h
configure:7461: /usr/bin/cc -c -g -O3  conftest.c >&5
configure:7461: $? = 0
configure:7461: result: yes
configure:7461: checking for stdlib.h
configure:7461: /usr/bin/cc -c -g -O3  conftest.c >&5
configure:7461: $? = 0
configure:7461: result: yes
configure:7461: checking for string.h
configure:7461: /usr/bin/cc -c -g -O3  conftest.c >&5
configure:7461: $? = 0
configure:7461: result: yes
configure:7461: checking for memory.h
configure:7461: /usr/bin/cc -c -g -O3  conftest.c >&5
configure:7461: $? = 0
configure:7461: result: yes
configure:7461: checking for strings.h
configure:7461: /usr/bin/cc -c -g -O3  conftest.c >&5
configure:7461: $? = 0
configure:7461: result: yes
configure:7461: checking for inttypes.h
configure:7461: /usr/bin/cc -c -g -O3  conftest.c >&5
configure:7461: $? = 0
configure:7461: result: yes
configure:7461: checking for stdint.h
configure:7461: /usr/bin/cc -c -g -O3  conftest.c >&5
configure:7461: $? = 0
configure:7461: result: yes
configure:7461: checking for unistd.h
configure:7461: /usr/bin/cc -c -g -O3  conftest.c >&5
configure:7461: $? = 0
configure:7461: result: yes
configure:7475: checking for dlfcn.h
configure:7475: /usr/bin/cc -c -g -O3  conftest.c >&5
configure:7475: $? = 0
configure:7475: result: yes
configure:7681: checking for objdir
configure:7696: result: .libs
configure:7963: checking if /usr/bin/cc supports -fno-rtti -fno-exceptions
configure:7981: /usr/bin/cc -c -g -O3  -fno-rtti -fno-exceptions conftest.c >&5
cc1: warning: command line option '-fno-rtti' is valid for C++/ObjC++ but not for C
configure:7985: $? = 0
configure:7998: result: no
configure:8325: checking for /usr/bin/cc option to produce PIC
configure:8332: result: -fPIC -DPIC
configure:8340: checking if /usr/bin/cc PIC flag -fPIC -DPIC works
configure:8358: /usr/bin/cc -c -g -O3  -fPIC -DPIC -DPIC conftest.c >&5
configure:8362: $? = 0
configure:8375: result: yes
configure:8404: checking if /usr/bin/cc static flag -static works
configure:8432: result: yes
configure:8447: checking if /usr/bin/cc supports -c -o file.o
configure:8468: /usr/bin/cc -c -g -O3  -o out/conftest2.o conftest.c >&5
configure:8472: $? = 0
configure:8494: result: yes
configure:8502: checking if /usr/bin/cc supports -c -o file.o
configure:8549: result: yes
configure:8582: checking whether the /usr/bin/cc linker (/usr/bin/ld -m elf_x86_64) supports shared libraries
configure:9739: result: yes
configure:9776: checking whether -lc should be explicitly linked in
configure:9784: /usr/bin/cc -c -g -O3  conftest.c >&5
configure:9787: $? = 0
configure:9802: /usr/bin/cc -shared  -fPIC -DPIC conftest.o  -v -Wl,-soname -Wl,conftest -o conftest 2\>\&1 \| /bin/grep  -lc  \>/dev/null 2\>\&1
configure:9805: $? = 0
configure:9819: result: no
configure:9979: checking dynamic linker characteristics
configure:10479: /usr/bin/cc -o conftest -g -O3   -Wl,-rpath -Wl,/foo conftest.c  >&5
configure:10479: $? = 0
configure:10713: result: GNU/Linux ld.so
configure:10820: checking how to hardcode library paths into programs
configure:10845: result: immediate
configure:11385: checking whether stripping libraries is possible
configure:11390: result: yes
configure:11425: checking if libtool supports shared libraries
configure:11427: result: yes
configure:11430: checking whether to build shared libraries
configure:11451: result: yes
configure:11454: checking whether to build static libraries
configure:11458: result: yes
configure:11500: checking sys/inotify.h usability
configure:11500: /usr/bin/cc -c -g -O3  conftest.c >&5
configure:11500: $? = 0
configure:11500: result: yes
configure:11500: checking sys/inotify.h presence
configure:11500: /usr/bin/cc -E  conftest.c
configure:11500: $? = 0
configure:11500: result: yes
configure:11500: checking for sys/inotify.h
configure:11500: result: yes
configure:11500: checking sys/epoll.h usability
configure:11500: /usr/bin/cc -c -g -O3  conftest.c >&5
configure:11500: $? = 0
configure:11500: result: yes
configure:11500: checking sys/epoll.h presence
configure:11500: /usr/bin/cc -E  conftest.c
configure:11500: $? = 0
configure:11500: result: yes
configure:11500: checking for sys/epoll.h
configure:11500: result: yes
configure:11500: checking sys/event.h usability
configure:11500: /usr/bin/cc -c -g -O3  conftest.c >&5
conftest.c:58:23: fatal error: sys/event.h: No such file or directory
compilation terminated.
configure:11500: $? = 1
configure: failed program was:
| /* confdefs.h */
| #define PACKAGE_NAME ""
| #define PACKAGE_TARNAME ""
| #define PACKAGE_VERSION ""
| #define PACKAGE_STRING ""
| #define PACKAGE_BUGREPORT ""
| #define PACKAGE_URL ""
| #define PACKAGE "libev"
| #define VERSION "4.24"
| #define STDC_HEADERS 1
| #define HAVE_SYS_TYPES_H 1
| #define HAVE_SYS_STAT_H 1
| #define HAVE_STDLIB_H 1
| #define HAVE_STRING_H 1
| #define HAVE_MEMORY_H 1
| #define HAVE_STRINGS_H 1
| #define HAVE_INTTYPES_H 1
| #define HAVE_STDINT_H 1
| #define HAVE_UNISTD_H 1
| #define HAVE_DLFCN_H 1
| #define LT_OBJDIR ".libs/"
| #define HAVE_SYS_INOTIFY_H 1
| #define HAVE_SYS_EPOLL_H 1
| /* end confdefs.h.  */
| #include <stdio.h>
| #ifdef HAVE_SYS_TYPES_H
| # include <sys/types.h>
| #endif
| #ifdef HAVE_SYS_STAT_H
| # include <sys/stat.h>
| #endif
| #ifdef STDC_HEADERS
| # include <stdlib.h>
| # include <stddef.h>
| #else
| # ifdef HAVE_STDLIB_H
| #  include <stdlib.h>
| # endif
| #endif
| #ifdef HAVE_STRING_H
| # if !defined STDC_HEADERS && defined HAVE_MEMORY_H
| #  include <memory.h>
| # endif
| # include <string.h>
| #endif
| #ifdef HAVE_STRINGS_H
| # include <strings.h>
| #endif
| #ifdef HAVE_INTTYPES_H
| # include <inttypes.h>
| #endif
| #ifdef HAVE_STDINT_H
| # include <stdint.h>
| #endif
| #ifdef HAVE_UNISTD_H
| # include <unistd.h>
| #endif
| #include <sys/event.h>
configure:11500: result: no
configure:11500: checking sys/event.h presence
configure:11500: /usr/bin/cc -E  conftest.c
conftest.c:25:23: fatal error: sys/event.h: No such file or directory
compilation terminated.
configure:11500: $? = 1
configure: failed program was:
| /* confdefs.h */
| #define PACKAGE_NAME ""
| #define PACKAGE_TARNAME ""
| #define PACKAGE_VERSION ""
| #define PACKAGE_STRING ""
| #define PACKAGE_BUGREPORT ""
| #define PACKAGE_URL ""
| #define PACKAGE "libev"
| #define VERSION "4.24"
| #define STDC_HEADERS 1
| #define HAVE_SYS_TYPES_H 1
| #define HAVE_SYS_STAT_H 1
| #define HAVE_STDLIB_H 1
| #define HAVE_STRING_H 1
| #define HAVE_MEMORY_H 1
| #define HAVE_STRINGS_H 1
| #define HAVE_INTTYPES_H 1
| #define HAVE_STDINT_H 1
| #define HAVE_UNISTD_H 1
| #define HAVE_DLFCN_H 1
| #define LT_OBJDIR ".libs/"
| #define HAVE_SYS_INOTIFY_H 1
| #define HAVE_SYS_EPOLL_H 1
| /* end confdefs.h.  */
| #include <sys/event.h>
configure:11500: result: no
configure:11500: checking for sys/event.h
configure:11500: result: no
configure:11500: checking port.h usability
configure:11500: /usr/bin/cc -c -g -O3  conftest.c >&5
conftest.c:58:18: fatal error: port.h: No such file or directory
compilation terminated.
configure:11500: $? = 1
configure: failed program was:
| /* confdefs.h */
| #define PACKAGE_NAME ""
| #define PACKAGE_TARNAME ""
| #define PACKAGE_VERSION ""
| #define PACKAGE_STRING ""
| #define PACKAGE_BUGREPORT ""
| #define PACKAGE_URL ""
| #define PACKAGE "libev"
| #define VERSION "4.24"
| #define STDC_HEADERS 1
| #define HAVE_SYS_TYPES_H 1
| #define HAVE_SYS_STAT_H 1
| #define HAVE_STDLIB_H 1
| #define HAVE_STRING_H 1
| #define HAVE_MEMORY_H 1
| #define HAVE_STRINGS_H 1
| #define HAVE_INTTYPES_H 1
| #define HAVE_STDINT_H 1
| #define HAVE_UNISTD_H 1
| #define HAVE_DLFCN_H 1
| #define LT_OBJDIR ".libs/"
| #define HAVE_SYS_INOTIFY_H 1
| #define HAVE_SYS_EPOLL_H 1
| /* end confdefs.h.  */
| #include <stdio.h>
| #ifdef HAVE_SYS_TYPES_H
| # include <sys/types.h>
| #endif
| #ifdef HAVE_SYS_STAT_H
| # include <sys/stat.h>
| #endif
| #ifdef STDC_HEADERS
| # include <stdlib.h>
| # include <stddef.h>
| #else
| # ifdef HAVE_STDLIB_H
| #  include <stdlib.h>
| # endif
| #endif
| #ifdef HAVE_STRING_H
| # if !defined STDC_HEADERS && defined HAVE_MEMORY_H
| #  include <memory.h>
| # endif
| # include <string.h>
| #endif
| #ifdef HAVE_STRINGS_H
| # include <strings.h>
| #endif
| #ifdef HAVE_INTTYPES_H
| # include <inttypes.h>
| #endif
| #ifdef HAVE_STDINT_H
| # include <stdint.h>
| #endif
| #ifdef HAVE_UNISTD_H
| # include <unistd.h>
| #endif
| #include <port.h>
configure:11500: result: no
configure:11500: checking port.h presence
configure:11500: /usr/bin/cc -E  conftest.c
conftest.c:25:18: fatal error: port.h: No such file or directory
compilation terminated.
configure:11500: $? = 1
configure: failed program was:
| /* confdefs.h */
| #define PACKAGE_NAME ""
| #define PACKAGE_TARNAME ""
| #define PACKAGE_VERSION ""
| #define PACKAGE_STRING ""
| #define PACKAGE_BUGREPORT ""
| #define PACKAGE_URL ""
| #define PACKAGE "libev"
| #define VERSION "4.24"
| #define STDC_HEADERS 1
| #define HAVE_SYS_TYPES_H 1
| #define HAVE_SYS_STAT_H 1
| #define HAVE_STDLIB_H 1
| #define HAVE_STRING_H 1
| #define HAVE_MEMORY_H 1
| #define HAVE_STRINGS_H 1
| #define HAVE_INTTYPES_H 1
| #define HAVE_STDINT_H 1
| #define HAVE_UNISTD_H 1
| #define HAVE_DLFCN_H 1
| #define LT_OBJDIR ".libs/"
| #define HAVE_SYS_INOTIFY_H 1
| #define HAVE_SYS_EPOLL_H 1
| /* end confdefs.h.  */
| #include <port.h>
configure:11500: result: no
configure:11500: checking for port.h
configure:11500: result: no
configure:11500: checking poll.h usability
configure:11500: /usr/bin/cc -c -g -O3  conftest.c >&5
configure:11500: $? = 0
configure:11500: result: yes
configure:11500: checking poll.h presence
configure:11500: /usr/bin/cc -E  conftest.c
configure:11500: $? = 0
configure:11500: result: yes
configure:11500: checking for poll.h
configure:11500: result: yes
configure:11500: checking sys/select.h usability
configure:11500: /usr/bin/cc -c -g -O3  conftest.c >&5
configure:11500: $? = 0
configure:11500: result: yes
configure:11500: checking sys/select.h presence
configure:11500: /usr/bin/cc -E  conftest.c
configure:11500: $? = 0
configure:11500: result: yes
configure:11500: checking for sys/select.h
configure:11500: result: yes
configure:11500: checking sys/eventfd.h usability
configure:11500: /usr/bin/cc -c -g -O3  conftest.c >&5
configure:11500: $? = 0
configure:11500: result: yes
configure:11500: checking sys/eventfd.h presence
configure:11500: /usr/bin/cc -E  conftest.c
configure:11500: $? = 0
configure:11500: result: yes
configure:11500: checking for sys/eventfd.h
configure:11500: result: yes
configure:11500: checking sys/signalfd.h usability
configure:11500: /usr/bin/cc -c -g -O3  conftest.c >&5
configure:11500: $? = 0
configure:11500: result: yes
configure:11500: checking sys/signalfd.h presence
configure:11500: /usr/bin/cc -E  conftest.c
configure:11500: $? = 0
configure:11500: result: yes
configure:11500: checking for sys/signalfd.h
configure:11500: result: yes
configure:11514: checking for inotify_init
configure:11514: /usr/bin/cc -o conftest -g -O3   conftest.c  >&5
configure:11514: $? = 0
configure:11514: result: yes
configure:11514: checking for epoll_ctl
configure:11514: /usr/bin/cc -o conftest -g -O3   conftest.c  >&5
configure:11514: $? = 0
configure:11514: result: yes
configure:11514: checking for kqueue
configure:11514: /usr/bin/cc -o conftest -g -O3   conftest.c  >&5
/tmp/ccclDykb.o: In function `main':
/home/sqlfocus/githubDB/H-ATK/deps/libev-4.24/conftest.c:65: undefined reference to `kqueue'
collect2: error: ld returned 1 exit status
configure:11514: $? = 1
configure: failed program was:
| /* confdefs.h */
| #define PACKAGE_NAME ""
| #define PACKAGE_TARNAME ""
| #define PACKAGE_VERSION ""
| #define PACKAGE_STRING ""
| #define PACKAGE_BUGREPORT ""
| #define PACKAGE_URL ""
| #define PACKAGE "libev"
| #define VERSION "4.24"
| #define STDC_HEADERS 1
| #define HAVE_SYS_TYPES_H 1
| #define HAVE_SYS_STAT_H 1
| #define HAVE_STDLIB_H 1
| #define HAVE_STRING_H 1
| #define HAVE_MEMORY_H 1
| #define HAVE_STRINGS_H 1
| #define HAVE_INTTYPES_H 1
| #define HAVE_STDINT_H 1
| #define HAVE_UNISTD_H 1
| #define HAVE_DLFCN_H 1
| #define LT_OBJDIR ".libs/"
| #define HAVE_SYS_INOTIFY_H 1
| #define HAVE_SYS_EPOLL_H 1
| #define HAVE_POLL_H 1
| #define HAVE_SYS_SELECT_H 1
| #define HAVE_SYS_EVENTFD_H 1
| #define HAVE_SYS_SIGNALFD_H 1
| #define HAVE_INOTIFY_INIT 1
| #define HAVE_EPOLL_CTL 1
| /* end confdefs.h.  */
| /* Define kqueue to an innocuous variant, in case <limits.h> declares kqueue.
|    For example, HP-UX 11i <limits.h> declares gettimeofday.  */
| #define kqueue innocuous_kqueue
| 
| /* System header to define __stub macros and hopefully few prototypes,
|     which can conflict with char kqueue (); below.
|     Prefer <limits.h> to <assert.h> if __STDC__ is defined, since
|     <limits.h> exists even on freestanding compilers.  */
| 
| #ifdef __STDC__
| # include <limits.h>
| #else
| # include <assert.h>
| #endif
| 
| #undef kqueue
| 
| /* Override any GCC internal prototype to avoid an error.
|    Use char because int might match the return type of a GCC
|    builtin and then its argument prototype would still apply.  */
| #ifdef __cplusplus
| extern "C"
| #endif
| char kqueue ();
| /* The GNU C library defines this for functions which it implements
|     to always fail with ENOSYS.  Some functions are actually named
|     something starting with __ and the normal name is an alias.  */
| #if defined __stub_kqueue || defined __stub___kqueue
| choke me
| #endif
| 
| int
| main ()
| {
| return kqueue ();
|   ;
|   return 0;
| }
configure:11514: result: no
configure:11514: checking for port_create
configure:11514: /usr/bin/cc -o conftest -g -O3   conftest.c  >&5
/tmp/ccml49Ad.o: In function `main':
/home/sqlfocus/githubDB/H-ATK/deps/libev-4.24/conftest.c:65: undefined reference to `port_create'
collect2: error: ld returned 1 exit status
configure:11514: $? = 1
configure: failed program was:
| /* confdefs.h */
| #define PACKAGE_NAME ""
| #define PACKAGE_TARNAME ""
| #define PACKAGE_VERSION ""
| #define PACKAGE_STRING ""
| #define PACKAGE_BUGREPORT ""
| #define PACKAGE_URL ""
| #define PACKAGE "libev"
| #define VERSION "4.24"
| #define STDC_HEADERS 1
| #define HAVE_SYS_TYPES_H 1
| #define HAVE_SYS_STAT_H 1
| #define HAVE_STDLIB_H 1
| #define HAVE_STRING_H 1
| #define HAVE_MEMORY_H 1
| #define HAVE_STRINGS_H 1
| #define HAVE_INTTYPES_H 1
| #define HAVE_STDINT_H 1
| #define HAVE_UNISTD_H 1
| #define HAVE_DLFCN_H 1
| #define LT_OBJDIR ".libs/"
| #define HAVE_SYS_INOTIFY_H 1
| #define HAVE_SYS_EPOLL_H 1
| #define HAVE_POLL_H 1
| #define HAVE_SYS_SELECT_H 1
| #define HAVE_SYS_EVENTFD_H 1
| #define HAVE_SYS_SIGNALFD_H 1
| #define HAVE_INOTIFY_INIT 1
| #define HAVE_EPOLL_CTL 1
| /* end confdefs.h.  */
| /* Define port_create to an innocuous variant, in case <limits.h> declares port_create.
|    For example, HP-UX 11i <limits.h> declares gettimeofday.  */
| #define port_create innocuous_port_create
| 
| /* System header to define __stub macros and hopefully few prototypes,
|     which can conflict with char port_create (); below.
|     Prefer <limits.h> to <assert.h> if __STDC__ is defined, since
|     <limits.h> exists even on freestanding compilers.  */
| 
| #ifdef __STDC__
| # include <limits.h>
| #else
| # include <assert.h>
| #endif
| 
| #undef port_create
| 
| /* Override any GCC internal prototype to avoid an error.
|    Use char because int might match the return type of a GCC
|    builtin and then its argument prototype would still apply.  */
| #ifdef __cplusplus
| extern "C"
| #endif
| char port_create ();
| /* The GNU C library defines this for functions which it implements
|     to always fail with ENOSYS.  Some functions are actually named
|     something starting with __ and the normal name is an alias.  */
| #if defined __stub_port_create || defined __stub___port_create
| choke me
| #endif
| 
| int
| main ()
| {
| return port_create ();
|   ;
|   return 0;
| }
configure:11514: result: no
configure:11514: checking for poll
configure:11514: /usr/bin/cc -o conftest -g -O3   conftest.c  >&5
configure:11514: $? = 0
configure:11514: result: yes
configure:11514: checking for select
configure:11514: /usr/bin/cc -o conftest -g -O3   conftest.c  >&5
configure:11514: $? = 0
configure:11514: result: yes
configure:11514: checking for eventfd
configure:11514: /usr/bin/cc -o conftest -g -O3   conftest.c  >&5
configure:11514: $? = 0
configure:11514: result: yes
configure:11514: checking for signalfd
configure:11514: /usr/bin/cc -o conftest -g -O3   conftest.c  >&5
configure:11514: $? = 0
configure:11514: result: yes
configure:11526: checking for clock_gettime
configure:11526: /usr/bin/cc -o conftest -g -O3   conftest.c  >&5
configure:11526: $? = 0
configure:11526: result: yes
configure:11630: checking for nanosleep
configure:11630: /usr/bin/cc -o conftest -g -O3   conftest.c  >&5
configure:11630: $? = 0
configure:11630: result: yes
configure:11705: checking for library containing floor
configure:11736: /usr/bin/cc -o conftest -g -O3   conftest.c  >&5
conftest.c:44:6: warning: conflicting types for built-in function 'floor'
 char floor ();
      ^
/tmp/ccwPs2xy.o: In function `main':
/home/sqlfocus/githubDB/H-ATK/deps/libev-4.24/conftest.c:48: undefined reference to `floor'
collect2: error: ld returned 1 exit status
configure:11736: $? = 1
configure: failed program was:
| /* confdefs.h */
| #define PACKAGE_NAME ""
| #define PACKAGE_TARNAME ""
| #define PACKAGE_VERSION ""
| #define PACKAGE_STRING ""
| #define PACKAGE_BUGREPORT ""
| #define PACKAGE_URL ""
| #define PACKAGE "libev"
| #define VERSION "4.24"
| #define STDC_HEADERS 1
| #define HAVE_SYS_TYPES_H 1
| #define HAVE_SYS_STAT_H 1
| #define HAVE_STDLIB_H 1
| #define HAVE_STRING_H 1
| #define HAVE_MEMORY_H 1
| #define HAVE_STRINGS_H 1
| #define HAVE_INTTYPES_H 1
| #define HAVE_STDINT_H 1
| #define HAVE_UNISTD_H 1
| #define HAVE_DLFCN_H 1
| #define LT_OBJDIR ".libs/"
| #define HAVE_SYS_INOTIFY_H 1
| #define HAVE_SYS_EPOLL_H 1
| #define HAVE_POLL_H 1
| #define HAVE_SYS_SELECT_H 1
| #define HAVE_SYS_EVENTFD_H 1
| #define HAVE_SYS_SIGNALFD_H 1
| #define HAVE_INOTIFY_INIT 1
| #define HAVE_EPOLL_CTL 1
| #define HAVE_POLL 1
| #define HAVE_SELECT 1
| #define HAVE_EVENTFD 1
| #define HAVE_SIGNALFD 1
| #define HAVE_CLOCK_GETTIME 1
| #define HAVE_NANOSLEEP 1
| /* end confdefs.h.  */
| 
| /* Override any GCC internal prototype to avoid an error.
|    Use char because int might match the return type of a GCC
|    builtin and then its argument prototype would still apply.  */
| #ifdef __cplusplus
| extern "C"
| #endif
| char floor ();
| int
| main ()
| {
| return floor ();
|   ;
|   return 0;
| }
configure:11736: /usr/bin/cc -o conftest -g -O3   conftest.c -lm   >&5
conftest.c:44:6: warning: conflicting types for built-in function 'floor'
 char floor ();
      ^
configure:11736: $? = 0
configure:11753: result: -lm
configure:11877: checking that generated files are newer than configure
configure:11883: result: done
configure:11910: creating ./config.status

## ---------------------- ##
## Running config.status. ##
## ---------------------- ##

This file was extended by config.status, which was
generated by GNU Autoconf 2.69.  Invocation command line was

  CONFIG_FILES    = 
  CONFIG_HEADERS  = 
  CONFIG_LINKS    = 
  CONFIG_COMMANDS = 
  $ ./config.status 

on sqlfocus

config.status:1099: creating Makefile
config.status:1099: creating config.h
config.status:1280: config.h is unchanged
config.status:1328: executing depfiles commands
config.status:1328: executing libtool commands

## ---------------- ##
## Cache variables. ##
## ---------------- ##

ac_cv_build=x86_64-unknown-linux-gnu
ac_cv_c_compiler_gnu=yes
ac_cv_env_CC_set=set
ac_cv_env_CC_value=/usr/bin/cc
ac_cv_env_CFLAGS_set=
ac_cv_env_CFLAGS_value=
ac_cv_env_CPPFLAGS_set=
ac_cv_env_CPPFLAGS_value=
ac_cv_env_CPP_set=
ac_cv_env_CPP_value=
ac_cv_env_LDFLAGS_set=
ac_cv_env_LDFLAGS_value=
ac_cv_env_LIBS_set=
ac_cv_env_LIBS_value=
ac_cv_env_build_alias_set=
ac_cv_env_build_alias_value=
ac_cv_env_host_alias_set=
ac_cv_env_host_alias_value=
ac_cv_env_target_alias_set=
ac_cv_env_target_alias_value=
ac_cv_func_clock_gettime=yes
ac_cv_func_epoll_ctl=yes
ac_cv_func_eventfd=yes
ac_cv_func_inotify_init=yes
ac_cv_func_kqueue=no
ac_cv_func_nanosleep=yes
ac_cv_func_poll=yes
ac_cv_func_port_create=no
ac_cv_func_select=yes
ac_cv_func_signalfd=yes
ac_cv_header_dlfcn_h=yes
ac_cv_header_inttypes_h=yes
ac_cv_header_memory_h=yes
ac_cv_header_poll_h=yes
ac_cv_header_port_h=no
ac_cv_header_stdc=yes
ac_cv_header_stdint_h=yes
ac_cv_header_stdlib_h=yes
ac_cv_header_string_h=yes
ac_cv_header_strings_h=yes
ac_cv_header_sys_epoll_h=yes
ac_cv_header_sys_event_h=no
ac_cv_header_sys_eventfd_h=yes
ac_cv_header_sys_inotify_h=yes
ac_cv_header_sys_select_h=yes
ac_cv_header_sys_signalfd_h=yes
ac_cv_header_sys_stat_h=yes
ac_cv_header_sys_types_h=yes
ac_cv_header_unistd_h=yes
ac_cv_host=x86_64-unknown-linux-gnu
ac_cv_objext=o
ac_cv_path_EGREP='/bin/grep -E'
ac_cv_path_FGREP='/bin/grep -F'
ac_cv_path_GREP=/bin/grep
ac_cv_path_SED=/bin/sed
ac_cv_path_install='/usr/bin/install -c'
ac_cv_path_mkdir=/bin/mkdir
ac_cv_prog_AWK=mawk
ac_cv_prog_CPP='/usr/bin/cc -E'
ac_cv_prog_ac_ct_AR=ar
ac_cv_prog_ac_ct_CC=/usr/bin/cc
ac_cv_prog_ac_ct_MANIFEST_TOOL=mt
ac_cv_prog_ac_ct_OBJDUMP=objdump
ac_cv_prog_ac_ct_RANLIB=ranlib
ac_cv_prog_ac_ct_STRIP=strip
ac_cv_prog_cc_c89=
ac_cv_prog_cc_g=yes
ac_cv_prog_make_make_set=yes
ac_cv_search_floor=-lm
am_cv_CC_dependencies_compiler_type=gcc3
am_cv_make_support_nested_variables=yes
am_cv_prog_cc_c_o=yes
lt_cv_ar_at_file=@
lt_cv_archive_cmds_need_lc=no
lt_cv_deplibs_check_method=pass_all
lt_cv_file_magic_cmd='$MAGIC_CMD'
lt_cv_file_magic_test_file=
lt_cv_ld_reload_flag=-r
lt_cv_nm_interface='BSD nm'
lt_cv_objdir=.libs
lt_cv_path_LD=/usr/bin/ld
lt_cv_path_NM='/usr/bin/nm -B'
lt_cv_path_mainfest_tool=no
lt_cv_prog_compiler_c_o=yes
lt_cv_prog_compiler_pic='-fPIC -DPIC'
lt_cv_prog_compiler_pic_works=yes
lt_cv_prog_compiler_rtti_exceptions=no
lt_cv_prog_compiler_static_works=yes
lt_cv_prog_gnu_ld=yes
lt_cv_sharedlib_from_linklib_cmd='printf %s\n'
lt_cv_shlibpath_overrides_runpath=no
lt_cv_sys_global_symbol_pipe='sed -n -e '\''s/^.*[	 ]\([ABCDGIRSTW][ABCDGIRSTW]*\)[	 ][	 ]*\([_A-Za-z][_A-Za-z0-9]*\)$/\1 \2 \2/p'\'' | sed '\''/ __gnu_lto/d'\'''
lt_cv_sys_global_symbol_to_c_name_address='sed -n -e '\''s/^: \([^ ]*\)[ ]*$/  {\"\1\", (void *) 0},/p'\'' -e '\''s/^[ABCDGIRSTW]* \([^ ]*\) \([^ ]*\)$/  {"\2", (void *) \&\2},/p'\'''
lt_cv_sys_global_symbol_to_c_name_address_lib_prefix='sed -n -e '\''s/^: \([^ ]*\)[ ]*$/  {\"\1\", (void *) 0},/p'\'' -e '\''s/^[ABCDGIRSTW]* \([^ ]*\) \(lib[^ ]*\)$/  {"\2", (void *) \&\2},/p'\'' -e '\''s/^[ABCDGIRSTW]* \([^ ]*\) \([^ ]*\)$/  {"lib\2", (void *) \&\2},/p'\'''
lt_cv_sys_global_symbol_to_cdecl='sed -n -e '\''s/^T .* \(.*\)$/extern int \1();/p'\'' -e '\''s/^[ABCDGIRSTW]* .* \(.*\)$/extern char \1;/p'\'''
lt_cv_sys_max_cmd_len=1572864
lt_cv_to_host_file_cmd=func_convert_file_noop
lt_cv_to_tool_file_cmd=func_convert_file_noop

## ----------------- ##
## Output variables. ##
## ----------------- ##

ACLOCAL='${SHELL} /home/sqlfocus/githubDB/H-ATK/deps/libev-4.24/missing aclocal-1.15'
AMDEPBACKSLASH='\'
AMDEP_FALSE='#'
AMDEP_TRUE=''
AMTAR='$${TAR-tar}'
AM_BACKSLASH='\'
AM_DEFAULT_V='$(AM_DEFAULT_VERBOSITY)'
AM_DEFAULT_VERBOSITY='1'
AM_V='$(V)'
AR='ar'
AUTOCONF='${SHELL} /home/sqlfocus/githubDB/H-ATK/deps/libev-4.24/missing autoconf'
AUTOHEADER='${SHELL} /home/sqlfocus/githubDB/H-ATK/deps/libev-4.24/missing autoheader'
AUTOMAKE='${SHELL} /home/sqlfocus/githubDB/H-ATK/deps/libev-4.24/missing automake-1.15'
AWK='mawk'
CC='/usr/bin/cc'
CCDEPMODE='depmode=gcc3'
CFLAGS='-g -O3'
CPP='/usr/bin/cc -E'
CPPFLAGS=''
CYGPATH_W='echo'
DEFS='-DHAVE_CONFIG_H'
DEPDIR='.deps'
DLLTOOL='false'
DSYMUTIL=''
DUMPBIN=''
ECHO_C=''
ECHO_N='-n'
ECHO_T=''
EGREP='/bin/grep -E'
EXEEXT=''
FGREP='/bin/grep -F'
GREP='/bin/grep'
INSTALL_DATA='${INSTALL} -m 644'
INSTALL_PROGRAM='${INSTALL}'
INSTALL_SCRIPT='${INSTALL}'
INSTALL_STRIP_PROGRAM='$(install_sh) -c -s'
LD='/usr/bin/ld -m elf_x86_64'
LDFLAGS=''
LIBOBJS=''
LIBS='-lm '
LIBTOOL='$(SHELL) $(top_builddir)/libtool'
LIPO=''
LN_S='ln -s'
LTLIBOBJS=''
MAINT='#'
MAINTAINER_MODE_FALSE=''
MAINTAINER_MODE_TRUE='#'
MAKEINFO='${SHELL} /home/sqlfocus/githubDB/H-ATK/deps/libev-4.24/missing makeinfo'
MANIFEST_TOOL=':'
MKDIR_P='/bin/mkdir -p'
NM='/usr/bin/nm -B'
NMEDIT=''
OBJDUMP='objdump'
OBJEXT='o'
OTOOL64=''
OTOOL=''
PACKAGE='libev'
PACKAGE_BUGREPORT=''
PACKAGE_NAME=''
PACKAGE_STRING=''
PACKAGE_TARNAME=''
PACKAGE_URL=''
PACKAGE_VERSION=''
PATH_SEPARATOR=':'
RANLIB='ranlib'
SED='/bin/sed'
SET_MAKE=''
SHELL='/bin/bash'
STRIP='strip'
VERSION='4.24'
ac_ct_AR='ar'
ac_ct_CC='/usr/bin/cc'
ac_ct_DUMPBIN=''
am__EXEEXT_FALSE=''
am__EXEEXT_TRUE='#'
am__fastdepCC_FALSE='#'
am__fastdepCC_TRUE=''
am__include='include'
am__isrc=''
am__leading_dot='.'
am__nodep='_no'
am__quote=''
am__tar='$${TAR-tar} chof - "$$tardir"'
am__untar='$${TAR-tar} xf -'
bindir='${exec_prefix}/bin'
build='x86_64-unknown-linux-gnu'
build_alias=''
build_cpu='x86_64'
build_os='linux-gnu'
build_vendor='unknown'
datadir='${datarootdir}'
datarootdir='${prefix}/share'
docdir='${datarootdir}/doc/${PACKAGE}'
dvidir='${docdir}'
exec_prefix='${prefix}'
host='x86_64-unknown-linux-gnu'
host_alias=''
host_cpu='x86_64'
host_os='linux-gnu'
host_vendor='unknown'
htmldir='${docdir}'
includedir='${prefix}/include'
infodir='${datarootdir}/info'
install_sh='${SHELL} /home/sqlfocus/githubDB/H-ATK/deps/libev-4.24/install-sh'
libdir='${exec_prefix}/lib'
libexecdir='${exec_prefix}/libexec'
localedir='${datarootdir}/locale'
localstatedir='${prefix}/var'
mandir='${datarootdir}/man'
mkdir_p='$(MKDIR_P)'
oldincludedir='/usr/include'
pdfdir='${docdir}'
prefix='/usr/local'
program_transform_name='s,x,x,'
psdir='${docdir}'
runstatedir='${localstatedir}/run'
sbindir='${exec_prefix}/sbin'
sharedstatedir='${prefix}/com'
sysconfdir='${prefix}/etc'
target_alias=''

## ----------- ##
## confdefs.h. ##
## ----------- ##

/* confdefs.h */
#define PACKAGE_NAME ""
#define PACKAGE_TARNAME ""
#define PACKAGE_VERSION ""
#define PACKAGE_STRING ""
#define PACKAGE_BUGREPORT ""
#define PACKAGE_URL ""
#define PACKAGE "libev"
#define VERSION "4.24"
#define STDC_HEADERS 1
#define HAVE_SYS_TYPES_H 1
#define HAVE_SYS_STAT_H 1
#define HAVE_STDLIB_H 1
#define HAVE_STRING_H 1
#define HAVE_MEMORY_H 1
#define HAVE_STRINGS_H 1
#define HAVE_INTTYPES_H 1
#define HAVE_STDINT_H 1
#define HAVE_UNISTD_H 1
#define HAVE_DLFCN_H 1
#define LT_OBJDIR ".libs/"
#define HAVE_SYS_INOTIFY_H 1
#define HAVE_SYS_EPOLL_H 1
#define HAVE_POLL_H 1
#define HAVE_SYS_SELECT_H 1
#define HAVE_SYS_EVENTFD_H 1
#define HAVE_SYS_SIGNALFD_H 1
#define HAVE_INOTIFY_INIT 1
#define HAVE_EPOLL_CTL 1
#define HAVE_POLL 1
#define HAVE_SELECT 1
#define HAVE_EVENTFD 1
#define HAVE_SIGNALFD 1
#define HAVE_CLOCK_GETTIME 1
#define HAVE_NANOSLEEP 1
#define HAVE_FLOOR 1

configure: exit 0
